Wed May 29 02:47:24 CEST 2013;INFO;SALJSTOD;AD;multiExMerge;/Applications/A7510/1.0/A7510.xdp;successful pages:3
Wed May 29 06:41:56 CEST 2013;INFO;SALJSTOD;AD;multiExMerge;/Applications/A7510/1.0/A7510.xdp;successful pages:3
Wed May 29 06:58:28 CEST 2013;INFO;SALJSTOD;AD;multiExMerge;/Applications/A7510/1.0/A7510.xdp;successful pages:3
Wed May 29 07:04:06 CEST 2013;INFO;SALJSTOD;AD;multiExMerge;/Applications/A6577/1.0/A6577.xdp;successful pages:4
Wed May 29 07:05:37 CEST 2013;INFO;SALJSTOD;AD;multiExMerge;/Applications/A6577/1.0/A6577.xdp;successful pages:4
Wed May 29 07:07:56 CEST 2013;INFO;SALJSTOD;AD;multiExMerge;/Applications/A6577/1.0/A6577.xdp;successful pages:4
Wed May 29 07:11:35 CEST 2013;INFO;SALJSTOD;AD;multiExMerge;/Applications/A6577/1.0/A6577.xdp;successful pages:4
Wed May 29 07:18:27 CEST 2013;INFO;SALJSTOD;AD;multiExMerge;/Applications/A1901/1.0/A1901.xdp;successful pages:8
Wed May 29 07:19:35 CEST 2013;INFO;SALJSTOD;AD;multiExMerge;/Applications/A1901/1.0/A1901.xdp;successful pages:8
Wed May 29 07:23:40 CEST 2013;INFO;SALJSTOD;AD;multiExMerge;/Applications/A7510/1.0/A7510.xdp;successful pages:3
Wed May 29 07:26:16 CEST 2013;INFO;SALJSTOD;AD;xml2pdf;/Applications/A1116/1.0/A1116.xdp;successful mode:archive pwd:false
Wed May 29 07:42:41 CEST 2013;INFO;SALJSTOD;AD;multiExMerge;/Applications/A1116/1.0/A1116.xdp;successful pages:55
Wed May 29 07:43:03 CEST 2013;INFO;SALJSTOD;AD;multiExMerge;/Applications/A7510/1.0/A7510.xdp;successful pages:3
Wed May 29 07:47:15 CEST 2013;INFO;SALJSTOD;AD;multiExMerge;/Applications/A6420/1.0/A6420.xdp;successful pages:4
Wed May 29 07:48:46 CEST 2013;INFO;SALJSTOD;AD;multiExMerge;/Applications/A6636/1.0/A6636.xdp;successful pages:3
Wed May 29 07:49:24 CEST 2013;INFO;SALJSTOD;AD;multiExMerge;/Applications/A6420/1.0/A6420.xdp;successful pages:4
Wed May 29 07:50:34 CEST 2013;INFO;SALJSTOD;AD;multiExMergeA7479;/Applications/A7479/1.0/A7479.xdp;successful  appendixPages:0 pages:4
Wed May 29 07:51:03 CEST 2013;INFO;SALJSTOD;AD;multiExMergeA7479;/Applications/A7479/1.0/A7479.xdp;successful  appendixPages:0 pages:4
Wed May 29 07:57:55 CEST 2013;INFO;SALJSTOD;AD;multiExMergeA7479;/Applications/A7479/1.0/A7479.xdp;successful  appendixPages:19 pages:21
Wed May 29 08:03:06 CEST 2013;INFO;SALJSTOD;AD;multiExMerge;/Applications/A6420/1.0/A6420.xdp;successful pages:4
Wed May 29 08:03:14 CEST 2013;INFO;SALJSTOD;AD;multiExMerge;/Applications/A6420/1.0/A6420.xdp;successful pages:4
Wed May 29 08:04:50 CEST 2013;INFO;SALJSTOD;AD;multiExMerge;/Applications/A6420/1.0/A6420.xdp;successful pages:4
Wed May 29 08:05:53 CEST 2013;INFO;SALJSTOD;AD;multiExMerge;/Applications/A6420/1.0/A6420.xdp;successful pages:4
Wed May 29 08:06:32 CEST 2013;INFO;SALJSTOD;AD;multiExMerge;/Applications/A6636/1.0/A6636.xdp;successful pages:3
Wed May 29 08:06:54 CEST 2013;INFO;SALJSTOD;AD;multiExMerge;/Applications/A6636/1.0/A6636.xdp;successful pages:3
Wed May 29 08:07:07 CEST 2013;INFO;SALJSTOD;AD;multiExMerge;/Applications/A1901/1.0/A1901.xdp;successful pages:8
Wed May 29 08:08:42 CEST 2013;INFO;SALJSTOD;AD;multiExMerge;/Applications/A7510/1.0/A7510.xdp;successful pages:3
Wed May 29 08:12:40 CEST 2013;INFO;SALJSTOD;AD;multiExMerge;/Applications/A6419/1.0/A6419.xdp;successful pages:36
Wed May 29 08:12:44 CEST 2013;INFO;SALJSTOD;AD;multiExMerge;/Applications/A6636/1.0/A6636.xdp;successful pages:3
Wed May 29 08:13:50 CEST 2013;INFO;SALJSTOD;AD;multiExMerge;/Applications/A6636/1.0/A6636.xdp;successful pages:7
Wed May 29 08:14:16 CEST 2013;INFO;SALJSTOD;AD;multiExMergeA7479;/Applications/A7479/1.0/A7479.xdp;successful  appendixPages:0 pages:4
Wed May 29 08:15:33 CEST 2013;INFO;SALJSTOD;AD;multiExMerge;/Applications/A7594/1.0/A7594.xdp;successful pages:4
Wed May 29 08:15:36 CEST 2013;INFO;SALJSTOD;AC;xml2pdfemail;/Applications/A7594/1.0/A7594.xdp;Email sent:COSEB@seb.se
Wed May 29 08:15:45 CEST 2013;INFO;SALJSTOD;AD;singleExMergeA7479;/Applications/A7479/1.0/A7479.xdp;successful appendixPages:0 pages:2
Wed May 29 08:17:01 CEST 2013;INFO;SALJSTOD;AD;multiExMerge;/Applications/A1901/1.0/A1901.xdp;successful pages:8
Wed May 29 08:18:08 CEST 2013;INFO;SALJSTOD;AD;multiExMerge;/Applications/A6420/1.0/A6420.xdp;successful pages:4
Wed May 29 08:18:24 CEST 2013;INFO;SALJSTOD;AD;xml2pdf;/Applications/A6419/1.0/A6419.xdp;successful mode:archive pwd:false
Wed May 29 08:19:08 CEST 2013;INFO;SALJSTOD;AD;multiExMerge;/Applications/A6420/1.0/A6420.xdp;successful pages:4
Wed May 29 08:19:17 CEST 2013;INFO;SALJSTOD;AD;multiExMerge;/Applications/A6420/1.0/A6420.xdp;successful pages:4
Wed May 29 08:20:03 CEST 2013;INFO;SALJSTOD;AD;multiExMergeA7479;/Applications/A7479/1.0/A7479.xdp;successful  appendixPages:19 pages:23
Wed May 29 08:20:09 CEST 2013;INFO;SALJSTOD;AD;xml2pdf;/Applications/A6419/1.0/A6419.xdp;successful mode:archive pwd:false
Wed May 29 08:20:19 CEST 2013;INFO;SALJSTOD;AD;multiExMerge;/Applications/A6538/1.0/A6538.xdp;successful pages:15
Wed May 29 08:20:40 CEST 2013;INFO;SALJSTOD;AD;multiExMerge;/Applications/A6420/1.0/A6420.xdp;successful pages:4
Wed May 29 08:21:09 CEST 2013;INFO;SALJSTOD;AD;multiExMergeA7479;/Applications/A7479/1.0/A7479.xdp;successful  appendixPages:0 pages:4
Wed May 29 08:22:00 CEST 2013;INFO;SALJSTOD;AD;multiExMerge;/Applications/A6420/1.0/A6420.xdp;successful pages:4
Wed May 29 08:22:13 CEST 2013;INFO;SALJSTOD;AD;multiExMergeA7479;/Applications/A7479/1.0/A7479.xdp;successful  appendixPages:0 pages:4
Wed May 29 08:22:17 CEST 2013;INFO;SALJSTOD;AD;multiExMerge;/Applications/A6420/1.0/A6420.xdp;successful pages:4
Wed May 29 08:23:24 CEST 2013;INFO;SALJSTOD;AD;multiExMergeA7479;/Applications/A7479/1.0/A7479.xdp;successful  appendixPages:19 pages:23
Wed May 29 08:23:29 CEST 2013;INFO;SALJSTOD;AD;multiExMergeA7479;/Applications/A7479/1.0/A7479.xdp;successful  appendixPages:19 pages:23
Wed May 29 08:24:10 CEST 2013;INFO;SALJSTOD;AD;multiExMergeA7479;/Applications/A7479/1.0/A7479.xdp;successful  appendixPages:19 pages:21
Wed May 29 08:24:17 CEST 2013;INFO;SALJSTOD;AD;multiExMerge;/Applications/A6420/1.0/A6420.xdp;successful pages:4
Wed May 29 08:24:57 CEST 2013;INFO;SALJSTOD;AD;multiExMerge;/Applications/A1116/1.0/A1116.xdp;successful pages:55
Wed May 29 08:25:03 CEST 2013;INFO;SALJSTOD;AD;multiExMerge;/Applications/A6420/1.0/A6420.xdp;successful pages:4
Wed May 29 08:25:45 CEST 2013;INFO;SALJSTOD;AD;multiExMerge;/Applications/A6420/1.0/A6420.xdp;successful pages:4